<?xml version="1.0" encoding="UTF-8"?>
<!-- Generated by org.testng.reporters.JUnitReportReporter -->
<testsuite hostname="admin-PC" name="com.trip.flights.SearchFlightsClass" tests="1" failures="0" timestamp="25 Nov 2013 09:44:14 GMT" time="16.323" errors="0">
  <testcase name="testSearchFlights" time="16.323" classname="com.trip.flights.SearchFlightsClass"/>
</testsuite> <!-- com.trip.flights.SearchFlightsClass -->
